<?xml version="1.0" encoding="UTF-8"?>
<!-- Generated by org.testng.reporters.JUnitReportReporter -->
<testsuite hostname="DESKTOP-6NQ8E1M" failures="0" tests="1" name="tests.TS007_LogoutTest" time="8.141" errors="0" timestamp="2025-03-09T14:30:16 IST" skipped="0">
  <testcase classname="tests.TS007_LogoutTest" name="validateLogoutFunctionality" time="8.141"/>
</testsuite> <!-- tests.TS007_LogoutTest -->
