<?xml version="1.0" encoding="UTF-8"?>
<!-- Generated by org.testng.reporters.JUnitReportReporter -->
<testsuite hostname="DESKTOP-6NQ8E1M" failures="0" tests="1" name="tests.TS001_SignUpTest" time="8.714" errors="0" timestamp="2025-03-09T14:30:16 IST" skipped="0">
  <testcase classname="tests.TS001_SignUpTest" name="SignUpToDemoblaze" time="8.714"/>
</testsuite> <!-- tests.TS001_SignUpTest -->
